2025-12-01 00:02:36.029 [main] INFO  i.d.core.server.DefaultServerFactory - Registering jersey handler with root path prefix: /
2025-12-01 00:02:36.032 [main] INFO  i.d.core.server.DefaultServerFactory - Registering admin handler with root path prefix: /
2025-12-01 00:02:36.315 [main] INFO  io.dropwizard.assets.AssetsBundle - Registering AssetBundle with name: assets for path /maps/*
2025-12-01 00:02:36.316 [main] INFO  io.dropwizard.assets.AssetsBundle - Registering AssetBundle with name: webjars for path /webjars/*
2025-12-01 00:02:36.322 [main] INFO  i.d.core.server.ServerFactory - Starting GraphHopperApplication
                        _     _
   __ _ _ __ __ _ _ __ | |__ | |__   ___  _ __  _ __   ___ _ __
  / _` | '__/ _` | '_ \| '_ \| '_ \ / _ \| '_ \| '_ \ / _ \ '__|
 | (_| | | | (_| | |_) | | | | | | | (_) | |_) | |_) |  __/ |
  \__, |_|  \__,_| .__/|_| |_|_| |_|\___/| .__/| .__/ \___|_|
  |___/          |_|                     |_|   |_|
2025-12-01 00:02:36.469 [main] INFO  o.e.jetty.setuid.SetUIDListener - Opened application@64693226{HTTP/1.1, (http/1.1)}{localhost:8989}
2025-12-01 00:02:36.470 [main] INFO  o.e.jetty.setuid.SetUIDListener - Opened admin@1c758545{HTTP/1.1, (http/1.1)}{localhost:8990}
2025-12-01 00:02:36.473 [main] INFO  org.eclipse.jetty.server.Server - jetty-10.0.23; built: 2024-08-14T01:14:42.815Z; git: 570aa4a1395ca8f9f800045f3a1fe5fe3af9a598; jvm 17.0.12+8-LTS-286
2025-12-01 00:02:36.733 [main] INFO  com.graphhopper.GraphHopper - version 10.0|2024-11-04T16:04:43Z (9,23,7,5,2,9)
2025-12-01 00:02:36.753 [main] INFO  com.graphhopper.GraphHopper - graph foot|RAM_STORE|2D|no_turn_cost|nodes:9,edges:23,geometry:7,location_index:5,string_index:2,nodesCH:0,shortcuts:9, details:edges: 121(1MB), nodes: 80(1MB), bounds: -34.8580337,-34.8535929,-7.160135,-7.1574047, name:(1MB), geo:485/-1(1MB)
2025-12-01 00:02:36.770 [main] INFO  c.g.http.GraphHopperManaged - loaded graph at:graph-cache-unipe, data_reader_file:caminhos_unipe.osm, encoded values:["{\"className\":\"com.graphhopper.routing.ev.SimpleBooleanEncodedValue\",\"name\":\"foot_access\",\"bits\":1,\"min_storable_value\":0,\"max_storable_value\":1,\"max_value\":1,\"negate_reverse_direction\":false,\"store_two_directions\":true,\"fwd_data_index\":0,\"bwd_data_index\":0,\"fwd_shift\":0,\"bwd_shift\":1,\"fwd_mask\":1,\"bwd_mask\":2}","{\"className\":\"com.graphhopper.routing.ev.DecimalEncodedValueImpl\",\"name\":\"foot_average_speed\",\"bits\":4,\"min_storable_value\":0,\"max_storable_value\":15,\"max_value\":5,\"negate_reverse_direction\":false,\"store_two_directions\":false,\"fwd_data_index\":0,\"bwd_data_index\":0,\"fwd_shift\":2,\"bwd_shift\":-1,\"fwd_mask\":60,\"bwd_mask\":0,\"factor\":1.0,\"use_maximum_as_infinity\":false}","{\"className\":\"com.graphhopper.routing.ev.EnumEncodedValue\",\"name\":\"road_class\",\"bits\":5,\"min_storable_value\":0,\"max_storable_value\":31,\"max_value\":16,\"negate_reverse_direction\":false,\"store_two_directions\":false,\"fwd_data_index\":0,\"bwd_data_index\":0,\"fwd_shift\":6,\"bwd_shift\":-1,\"fwd_mask\":1984,\"bwd_mask\":0,\"enum_type\":\"com.graphhopper.routing.ev.RoadClass\"}","{\"className\":\"com.graphhopper.routing.ev.EnumEncodedValue\",\"name\":\"road_environment\",\"bits\":3,\"min_storable_value\":0,\"max_storable_value\":7,\"max_value\":1,\"negate_reverse_direction\":false,\"store_two_directions\":false,\"fwd_data_index\":0,\"bwd_data_index\":0,\"fwd_shift\":11,\"bwd_shift\":-1,\"fwd_mask\":14336,\"bwd_mask\":0,\"enum_type\":\"com.graphhopper.routing.ev.RoadEnvironment\"}","{\"className\":\"com.graphhopper.routing.ev.SimpleBooleanEncodedValue\",\"name\":\"roundabout\",\"bits\":1,\"min_storable_value\":0,\"max_storable_value\":1,\"max_value\":-2147483648,\"negate_reverse_direction\":false,\"store_two_directions\":false,\"fwd_data_index\":0,\"bwd_data_index\":0,\"fwd_shift\":14,\"bwd_shift\":-1,\"fwd_mask\":16384,\"bwd_mask\":0}","{\"className\":\"com.graphhopper.routing.ev.SimpleBooleanEncodedValue\",\"name\":\"road_class_link\",\"bits\":1,\"min_storable_value\":0,\"max_storable_value\":1,\"max_value\":-2147483648,\"negate_reverse_direction\":false,\"store_two_directions\":false,\"fwd_data_index\":0,\"bwd_data_index\":0,\"fwd_shift\":15,\"bwd_shift\":-1,\"fwd_mask\":32768,\"bwd_mask\":0}","{\"className\":\"com.graphhopper.routing.ev.DecimalEncodedValueImpl\",\"name\":\"max_speed\",\"bits\":7,\"min_storable_value\":0,\"max_storable_value\":127,\"max_value\":127,\"negate_reverse_direction\":false,\"store_two_directions\":true,\"fwd_data_index\":0,\"bwd_data_index\":0,\"fwd_shift\":16,\"bwd_shift\":23,\"fwd_mask\":8323072,\"bwd_mask\":1065353216,\"factor\":2.0,\"use_maximum_as_infinity\":true}","{\"className\":\"com.graphhopper.routing.ev.DecimalEncodedValueImpl\",\"name\":\"ferry_speed\",\"bits\":5,\"min_storable_value\":0,\"max_storable_value\":31,\"max_value\":-2147483648,\"negate_reverse_direction\":false,\"store_two_directions\":false,\"fwd_data_index\":1,\"bwd_data_index\":0,\"fwd_shift\":0,\"bwd_shift\":-1,\"fwd_mask\":31,\"bwd_mask\":0,\"factor\":2.0,\"use_maximum_as_infinity\":false}","{\"className\":\"com.graphhopper.routing.ev.SimpleBooleanEncodedValue\",\"name\":\"foot_subnetwork\",\"bits\":1,\"min_storable_value\":0,\"max_storable_value\":1,\"max_value\":0,\"negate_reverse_direction\":false,\"store_two_directions\":false,\"fwd_data_index\":1,\"bwd_data_index\":0,\"fwd_shift\":5,\"bwd_shift\":-1,\"fwd_mask\":32,\"bwd_mask\":0}"], 5 bytes for edge flags, edges: 121(1MB), nodes: 80(1MB), bounds: -34.8580337,-34.8535929,-7.160135,-7.1574047, name:(1MB), geo:485/-1(1MB)
2025-12-01 00:02:37.102 [main] WARN  o.g.jersey.internal.inject.Providers - A provider com.codahale.metrics.health.HealthCheckRegistry registered in SERVER runtime does not implement any provider interfaces applicable in the SERVER runtime. Due to constraint configuration problems the provider com.codahale.metrics.health.HealthCheckRegistry will be ignored. 
2025-12-01 00:02:37.238 [main] INFO  i.d.jersey.DropwizardResourceConfig - The following paths were found for the configured resources:

    GET     / (com.graphhopper.application.resources.RootResource)
    GET     /health (com.graphhopper.resources.HealthCheckResource)
    GET     /i18n (com.graphhopper.resources.I18NResource)
    GET     /i18n/{locale} (com.graphhopper.resources.I18NResource)
    GET     /info (com.graphhopper.resources.InfoResource)
    GET     /isochrone (com.graphhopper.resources.IsochroneResource)
    POST    /match (com.graphhopper.resources.MapMatchingResource)
    GET     /mvt/{z}/{x}/{y}.mvt (com.graphhopper.resources.MVTResource)
    GET     /navigate/directions/v5/gh/{profile}/{coordinatesArray : .+} (com.graphhopper.navigation.NavigateResource)
    GET     /nearest (com.graphhopper.resources.NearestResource)
    GET     /route (com.graphhopper.resources.RouteResource)
    POST    /route (com.graphhopper.resources.RouteResource)
    GET     /spt (com.graphhopper.resources.SPTResource)

2025-12-01 00:02:37.240 [main] INFO  o.e.j.server.handler.ContextHandler - Started i.d.j.MutableServletContextHandler@6b8d54da{/,null,AVAILABLE}
2025-12-01 00:02:37.245 [main] INFO  i.d.core.setup.AdminEnvironment - tasks = 

    POST    /tasks/log-level (io.dropwizard.servlets.tasks.LogConfigurationTask)
    POST    /tasks/gc (io.dropwizard.servlets.tasks.GarbageCollectionTask)

2025-12-01 00:02:37.245 [main] INFO  o.e.j.server.handler.ContextHandler - Started i.d.j.MutableServletContextHandler@1d6a8386{/,null,AVAILABLE}
2025-12-01 00:02:37.294 [main] INFO  o.e.jetty.server.AbstractConnector - Started application@64693226{HTTP/1.1, (http/1.1)}{localhost:8989}
2025-12-01 00:02:37.299 [main] INFO  o.e.jetty.server.AbstractConnector - Started admin@1c758545{HTTP/1.1, (http/1.1)}{localhost:8990}
2025-12-01 00:02:37.300 [main] INFO  org.eclipse.jetty.server.Server - Started Server@5524b72f{STARTING}[10.0.23,sto=30000] @2390ms
2025-12-01 00:02:52.401 [pool-3-thread-12 - GET /route?point=-7.159636547519332,-34.85726952552796&point=-7.158997836234061,-34.85407233238221&profile=foot&points_encoded=false] INFO  c.g.resources.RouteResource - 127.0.0.1 pt_BR Mozilla/5.0 (Windows NT 10.0; Win64; x64) AppleWebKit/537.36 (KHTML, like Gecko) Chrome/142.0.0.0 Safari/537.36 [-7.159636547519332,-34.85726952552796, -7.158997836234061,-34.85407233238221], took: 54,5ms, algo: , profile: foot, alternatives: 1, distance0: 493.32412866335744, weight0: 355.19337263761736, time0: 6min, points0: 9, debugInfo: idLookup:0.0147527s; , algoInit:5176 ?s, astarbi|beeline-routing:4 ms, path extraction: 493 ?s, visited nodes sum: 42
2025-12-01 00:03:24.364 [pool-3-thread-4 - GET /route?point=-7.159551386066305,-34.85734999179841&point=-7.159365095332377,-34.85481262207032&profile=foot&points_encoded=false] INFO  c.g.resources.RouteResource - 127.0.0.1 pt_BR Mozilla/5.0 (Windows NT 10.0; Win64; x64) AppleWebKit/537.36 (KHTML, like Gecko) Chrome/142.0.0.0 Safari/537.36 [-7.159551386066305,-34.85734999179841, -7.159365095332377,-34.85481262207032], took: 2,3ms, algo: , profile: foot, alternatives: 1, distance0: 403.49855841192226, weight0: 290.51896205658403, time0: 5min, points0: 5, debugInfo: idLookup:8.996E-4s; , algoInit:115 ?s, astarbi|beeline-routing:0 ms, path extraction: 29 ?s, visited nodes sum: 24
2025-12-01 00:03:30.426 [pool-3-thread-13 - GET /route?point=-7.159439611635075,-34.85424935817719&point=-7.158721061066045,-34.85561728477479&profile=foot&points_encoded=false] INFO  c.g.resources.RouteResource - 127.0.0.1 pt_BR Mozilla/5.0 (Windows NT 10.0; Win64; x64) AppleWebKit/537.36 (KHTML, like Gecko) Chrome/142.0.0.0 Safari/537.36 [-7.159439611635075,-34.85424935817719, -7.158721061066045,-34.85561728477479], took: 1,8ms, algo: , profile: foot, alternatives: 1, distance0: 231.99498015456206, weight0: 167.03638571128468, time0: 3min, points0: 8, debugInfo: idLookup:5.943E-4s; , algoInit:123 ?s, astarbi|beeline-routing:0 ms, path extraction: 49 ?s, visited nodes sum: 12
2025-12-01 00:03:33.056 [pool-3-thread-2 - GET /route?point=-7.1598121929659895,-34.85377192497254&point=-7.160104935226765,-34.85521495342255&profile=foot&points_encoded=false] INFO  c.g.resources.RouteResource - 127.0.0.1 pt_BR Mozilla/5.0 (Windows NT 10.0; Win64; x64) AppleWebKit/537.36 (KHTML, like Gecko) Chrome/142.0.0.0 Safari/537.36 [-7.1598121929659895,-34.85377192497254, -7.160104935226765,-34.85521495342255], took: 1,7ms, algo: , profile: foot, alternatives: 1, distance0: 163.6007976012599, weight0: 117.79257427290713, time0: 2min, points0: 3, debugInfo: idLookup:6.465E-4s; , algoInit:120 ?s, astarbi|beeline-routing:0 ms, path extraction: 26 ?s, visited nodes sum: 8
2025-12-01 00:03:39.502 [pool-3-thread-13 - GET /route?point=-7.160051709375138,-34.85399186611176&point=-7.1590776751936325,-34.85588550567628&profile=foot&points_encoded=false] INFO  c.g.resources.RouteResource - 127.0.0.1 pt_BR Mozilla/5.0 (Windows NT 10.0; Win64; x64) AppleWebKit/537.36 (KHTML, like Gecko) Chrome/142.0.0.0 Safari/537.36 [-7.160051709375138,-34.85399186611176, -7.1590776751936325,-34.85588550567628], took: 1,9ms, algo: , profile: foot, alternatives: 1, distance0: 272.63206716045283, weight0: 196.29508835552605, time0: 3min, points0: 16, debugInfo: idLookup:4.629E-4s; , algoInit:120 ?s, astarbi|beeline-routing:0 ms, path extraction: 35 ?s, visited nodes sum: 28
2025-12-01 00:03:52.737 [pool-3-thread-2 - GET /route?point=-7.1593118693944175,-34.85608398914338&point=-7.159748321902307,-34.85460877418519&profile=foot&points_encoded=false] INFO  c.g.resources.RouteResource - 127.0.0.1 pt_BR Mozilla/5.0 (Windows NT 10.0; Win64; x64) AppleWebKit/537.36 (KHTML, like Gecko) Chrome/142.0.0.0 Safari/537.36 [-7.1593118693944175,-34.85608398914338, -7.159748321902307,-34.85460877418519], took: 1,9ms, algo: , profile: foot, alternatives: 1, distance0: 211.4754238294503, weight0: 152.26230515720422, time0: 3min, points0: 11, debugInfo: idLookup:4.117E-4s; , algoInit:124 ?s, astarbi|beeline-routing:0 ms, path extraction: 23 ?s, visited nodes sum: 22
2025-12-01 00:03:56.082 [pool-3-thread-13 - GET /route?point=-7.159157514139221,-34.85655605793&point=-7.159386385705817,-34.85480725765229&profile=foot&points_encoded=false] INFO  c.g.resources.RouteResource - 127.0.0.1 pt_BR Mozilla/5.0 (Windows NT 10.0; Win64; x64) AppleWebKit/537.36 (KHTML, like Gecko) Chrome/142.0.0.0 Safari/537.36 [-7.159157514139221,-34.85655605793, -7.159386385705817,-34.85480725765229], took: 2,3ms, algo: , profile: foot, alternatives: 1, distance0: 224.67702003526637, weight0: 161.76745442539186, time0: 3min, points0: 12, debugInfo: idLookup:3.645E-4s; , algoInit:241 ?s, astarbi|beeline-routing:0 ms, path extraction: 48 ?s, visited nodes sum: 16
2025-12-01 00:04:01.490 [pool-3-thread-3 - GET /route?point=-7.1593118693944175,-34.856405854225166&point=-7.159247998260673,-34.85460877418519&profile=foot&points_encoded=false] INFO  c.g.resources.RouteResource - 127.0.0.1 pt_BR Mozilla/5.0 (Windows NT 10.0; Win64; x64) AppleWebKit/537.36 (KHTML, like Gecko) Chrome/142.0.0.0 Safari/537.36 [-7.1593118693944175,-34.856405854225166, -7.159247998260673,-34.85460877418519], took: 1,5ms, algo: , profile: foot, alternatives: 1, distance0: 233.2224861216753, weight0: 167.92019000760624, time0: 3min, points0: 12, debugInfo: idLookup:2.832E-4s; , algoInit:143 ?s, astarbi|beeline-routing:0 ms, path extraction: 41 ?s, visited nodes sum: 12
2025-12-01 00:04:06.603 [pool-3-thread-13 - GET /route?point=-7.1594662245973755,-34.85455513000489&point=-7.159391708299015,-34.855955243110664&profile=foot&points_encoded=false] INFO  c.g.resources.RouteResource - 127.0.0.1 pt_BR Mozilla/5.0 (Windows NT 10.0; Win64; x64) AppleWebKit/537.36 (KHTML, like Gecko) Chrome/142.0.0.0 Safari/537.36 [-7.1594662245973755,-34.85455513000489, -7.159391708299015,-34.855955243110664], took: 2,1ms, algo: , profile: foot, alternatives: 1, distance0: 235.67167686935295, weight0: 169.68360734593415, time0: 3min, points0: 13, debugInfo: idLookup:2.625E-4s; , algoInit:152 ?s, astarbi|beeline-routing:0 ms, path extraction: 46 ?s, visited nodes sum: 28
2025-12-01 00:04:10.638 [pool-3-thread-3 - GET /route?point=-7.159407676078266,-34.856164455413825&point=-7.159391708299015,-34.85535979270936&profile=foot&points_encoded=false] INFO  c.g.resources.RouteResource - 127.0.0.1 pt_BR Mozilla/5.0 (Windows NT 10.0; Win64; x64) AppleWebKit/537.36 (KHTML, like Gecko) Chrome/142.0.0.0 Safari/537.36 [-7.159407676078266,-34.856164455413825, -7.159391708299015,-34.85535979270936], took: 1,0ms, algo: , profile: foot, alternatives: 1, distance0: 112.73326080223619, weight0: 81.16794777761005, time0: 1min, points0: 10, debugInfo: idLookup:2.232E-4s; , algoInit:110 ?s, astarbi|beeline-routing:0 ms, path extraction: 17 ?s, visited nodes sum: 8
2025-12-01 00:04:12.427 [pool-3-thread-13 - GET /route?point=-7.159434289042424,-34.85662043094636&point=-7.159998483517317,-34.85478579998017&profile=foot&points_encoded=false] INFO  c.g.resources.RouteResource - 127.0.0.1 pt_BR Mozilla/5.0 (Windows NT 10.0; Win64; x64) AppleWebKit/537.36 (KHTML, like Gecko) Chrome/142.0.0.0 Safari/537.36 [-7.159434289042424,-34.85662043094636, -7.159998483517317,-34.85478579998017], took: 1,1ms, algo: , profile: foot, alternatives: 1, distance0: 281.84095566527185, weight0: 202.92548807899573, time0: 3min, points0: 11, debugInfo: idLookup:2.115E-4s; , algoInit:105 ?s, astarbi|beeline-routing:0 ms, path extraction: 33 ?s, visited nodes sum: 16
2025-12-01 00:07:34.230 [JettyShutdownThread] INFO  org.eclipse.jetty.server.Server - Stopped Server@5524b72f{STOPPING}[10.0.23,sto=30000]
2025-12-01 00:07:34.230 [JettyShutdownThread] INFO  org.eclipse.jetty.server.Server - Shutdown Server@5524b72f{STOPPING}[10.0.23,sto=30000]
2025-12-01 00:07:34.235 [JettyShutdownThread] INFO  o.e.jetty.server.AbstractConnector - Stopped application@64693226{HTTP/1.1, (http/1.1)}{localhost:8989}
2025-12-01 00:07:34.235 [JettyShutdownThread] INFO  o.e.jetty.server.AbstractConnector - Stopped admin@1c758545{HTTP/1.1, (http/1.1)}{localhost:8990}
2025-12-01 00:07:34.236 [JettyShutdownThread] INFO  o.e.j.server.handler.ContextHandler - Stopped i.d.j.MutableServletContextHandler@1d6a8386{/,null,STOPPED}
2025-12-01 00:07:34.242 [JettyShutdownThread] INFO  o.e.j.server.handler.ContextHandler - Stopped i.d.j.MutableServletContextHandler@6b8d54da{/,null,STOPPED}
2025-12-01 02:24:22.778 [main] INFO  i.d.core.server.DefaultServerFactory - Registering jersey handler with root path prefix: /
2025-12-01 02:24:22.780 [main] INFO  i.d.core.server.DefaultServerFactory - Registering admin handler with root path prefix: /
2025-12-01 02:24:23.005 [main] INFO  io.dropwizard.assets.AssetsBundle - Registering AssetBundle with name: assets for path /maps/*
2025-12-01 02:24:23.007 [main] INFO  io.dropwizard.assets.AssetsBundle - Registering AssetBundle with name: webjars for path /webjars/*
2025-12-01 02:24:23.011 [main] INFO  i.d.core.server.ServerFactory - Starting GraphHopperApplication
                        _     _
   __ _ _ __ __ _ _ __ | |__ | |__   ___  _ __  _ __   ___ _ __
  / _` | '__/ _` | '_ \| '_ \| '_ \ / _ \| '_ \| '_ \ / _ \ '__|
 | (_| | | | (_| | |_) | | | | | | | (_) | |_) | |_) |  __/ |
  \__, |_|  \__,_| .__/|_| |_|_| |_|\___/| .__/| .__/ \___|_|
  |___/          |_|                     |_|   |_|
2025-12-01 02:24:23.117 [main] INFO  o.e.jetty.setuid.SetUIDListener - Opened application@64693226{HTTP/1.1, (http/1.1)}{localhost:8989}
2025-12-01 02:24:23.118 [main] INFO  o.e.jetty.setuid.SetUIDListener - Opened admin@1c758545{HTTP/1.1, (http/1.1)}{localhost:8990}
2025-12-01 02:24:23.122 [main] INFO  org.eclipse.jetty.server.Server - jetty-10.0.23; built: 2024-08-14T01:14:42.815Z; git: 570aa4a1395ca8f9f800045f3a1fe5fe3af9a598; jvm 17.0.12+8-LTS-286
2025-12-01 02:24:23.379 [main] INFO  com.graphhopper.GraphHopper - version 10.0|2024-11-04T16:04:43Z (9,23,7,5,2,9)
2025-12-01 02:24:23.399 [main] INFO  com.graphhopper.GraphHopper - graph foot|RAM_STORE|2D|no_turn_cost|nodes:9,edges:23,geometry:7,location_index:5,string_index:2,nodesCH:0,shortcuts:9, details:edges: 121(1MB), nodes: 80(1MB), bounds: -34.8580337,-34.8535929,-7.160135,-7.1574047, name:(1MB), geo:485/-1(1MB)
2025-12-01 02:24:23.417 [main] INFO  c.g.http.GraphHopperManaged - loaded graph at:graph-cache-unipe, data_reader_file:caminhos_unipe.osm, encoded values:["{\"className\":\"com.graphhopper.routing.ev.SimpleBooleanEncodedValue\",\"name\":\"foot_access\",\"bits\":1,\"min_storable_value\":0,\"max_storable_value\":1,\"max_value\":1,\"negate_reverse_direction\":false,\"store_two_directions\":true,\"fwd_data_index\":0,\"bwd_data_index\":0,\"fwd_shift\":0,\"bwd_shift\":1,\"fwd_mask\":1,\"bwd_mask\":2}","{\"className\":\"com.graphhopper.routing.ev.DecimalEncodedValueImpl\",\"name\":\"foot_average_speed\",\"bits\":4,\"min_storable_value\":0,\"max_storable_value\":15,\"max_value\":5,\"negate_reverse_direction\":false,\"store_two_directions\":false,\"fwd_data_index\":0,\"bwd_data_index\":0,\"fwd_shift\":2,\"bwd_shift\":-1,\"fwd_mask\":60,\"bwd_mask\":0,\"factor\":1.0,\"use_maximum_as_infinity\":false}","{\"className\":\"com.graphhopper.routing.ev.EnumEncodedValue\",\"name\":\"road_class\",\"bits\":5,\"min_storable_value\":0,\"max_storable_value\":31,\"max_value\":16,\"negate_reverse_direction\":false,\"store_two_directions\":false,\"fwd_data_index\":0,\"bwd_data_index\":0,\"fwd_shift\":6,\"bwd_shift\":-1,\"fwd_mask\":1984,\"bwd_mask\":0,\"enum_type\":\"com.graphhopper.routing.ev.RoadClass\"}","{\"className\":\"com.graphhopper.routing.ev.EnumEncodedValue\",\"name\":\"road_environment\",\"bits\":3,\"min_storable_value\":0,\"max_storable_value\":7,\"max_value\":1,\"negate_reverse_direction\":false,\"store_two_directions\":false,\"fwd_data_index\":0,\"bwd_data_index\":0,\"fwd_shift\":11,\"bwd_shift\":-1,\"fwd_mask\":14336,\"bwd_mask\":0,\"enum_type\":\"com.graphhopper.routing.ev.RoadEnvironment\"}","{\"className\":\"com.graphhopper.routing.ev.SimpleBooleanEncodedValue\",\"name\":\"roundabout\",\"bits\":1,\"min_storable_value\":0,\"max_storable_value\":1,\"max_value\":-2147483648,\"negate_reverse_direction\":false,\"store_two_directions\":false,\"fwd_data_index\":0,\"bwd_data_index\":0,\"fwd_shift\":14,\"bwd_shift\":-1,\"fwd_mask\":16384,\"bwd_mask\":0}","{\"className\":\"com.graphhopper.routing.ev.SimpleBooleanEncodedValue\",\"name\":\"road_class_link\",\"bits\":1,\"min_storable_value\":0,\"max_storable_value\":1,\"max_value\":-2147483648,\"negate_reverse_direction\":false,\"store_two_directions\":false,\"fwd_data_index\":0,\"bwd_data_index\":0,\"fwd_shift\":15,\"bwd_shift\":-1,\"fwd_mask\":32768,\"bwd_mask\":0}","{\"className\":\"com.graphhopper.routing.ev.DecimalEncodedValueImpl\",\"name\":\"max_speed\",\"bits\":7,\"min_storable_value\":0,\"max_storable_value\":127,\"max_value\":127,\"negate_reverse_direction\":false,\"store_two_directions\":true,\"fwd_data_index\":0,\"bwd_data_index\":0,\"fwd_shift\":16,\"bwd_shift\":23,\"fwd_mask\":8323072,\"bwd_mask\":1065353216,\"factor\":2.0,\"use_maximum_as_infinity\":true}","{\"className\":\"com.graphhopper.routing.ev.DecimalEncodedValueImpl\",\"name\":\"ferry_speed\",\"bits\":5,\"min_storable_value\":0,\"max_storable_value\":31,\"max_value\":-2147483648,\"negate_reverse_direction\":false,\"store_two_directions\":false,\"fwd_data_index\":1,\"bwd_data_index\":0,\"fwd_shift\":0,\"bwd_shift\":-1,\"fwd_mask\":31,\"bwd_mask\":0,\"factor\":2.0,\"use_maximum_as_infinity\":false}","{\"className\":\"com.graphhopper.routing.ev.SimpleBooleanEncodedValue\",\"name\":\"foot_subnetwork\",\"bits\":1,\"min_storable_value\":0,\"max_storable_value\":1,\"max_value\":0,\"negate_reverse_direction\":false,\"store_two_directions\":false,\"fwd_data_index\":1,\"bwd_data_index\":0,\"fwd_shift\":5,\"bwd_shift\":-1,\"fwd_mask\":32,\"bwd_mask\":0}"], 5 bytes for edge flags, edges: 121(1MB), nodes: 80(1MB), bounds: -34.8580337,-34.8535929,-7.160135,-7.1574047, name:(1MB), geo:485/-1(1MB)
2025-12-01 02:24:23.735 [main] WARN  o.g.jersey.internal.inject.Providers - A provider com.codahale.metrics.health.HealthCheckRegistry registered in SERVER runtime does not implement any provider interfaces applicable in the SERVER runtime. Due to constraint configuration problems the provider com.codahale.metrics.health.HealthCheckRegistry will be ignored. 
2025-12-01 02:24:23.856 [main] INFO  i.d.jersey.DropwizardResourceConfig - The following paths were found for the configured resources:

    GET     / (com.graphhopper.application.resources.RootResource)
    GET     /health (com.graphhopper.resources.HealthCheckResource)
    GET     /i18n (com.graphhopper.resources.I18NResource)
    GET     /i18n/{locale} (com.graphhopper.resources.I18NResource)
    GET     /info (com.graphhopper.resources.InfoResource)
    GET     /isochrone (com.graphhopper.resources.IsochroneResource)
    POST    /match (com.graphhopper.resources.MapMatchingResource)
    GET     /mvt/{z}/{x}/{y}.mvt (com.graphhopper.resources.MVTResource)
    GET     /navigate/directions/v5/gh/{profile}/{coordinatesArray : .+} (com.graphhopper.navigation.NavigateResource)
    GET     /nearest (com.graphhopper.resources.NearestResource)
    GET     /route (com.graphhopper.resources.RouteResource)
    POST    /route (com.graphhopper.resources.RouteResource)
    GET     /spt (com.graphhopper.resources.SPTResource)

2025-12-01 02:24:23.858 [main] INFO  o.e.j.server.handler.ContextHandler - Started i.d.j.MutableServletContextHandler@18d47df0{/,null,AVAILABLE}
2025-12-01 02:24:23.866 [main] INFO  i.d.core.setup.AdminEnvironment - tasks = 

    POST    /tasks/log-level (io.dropwizard.servlets.tasks.LogConfigurationTask)
    POST    /tasks/gc (io.dropwizard.servlets.tasks.GarbageCollectionTask)

2025-12-01 02:24:23.866 [main] INFO  o.e.j.server.handler.ContextHandler - Started i.d.j.MutableServletContextHandler@cbd40c1{/,null,AVAILABLE}
2025-12-01 02:24:23.912 [main] INFO  o.e.jetty.server.AbstractConnector - Started application@64693226{HTTP/1.1, (http/1.1)}{localhost:8989}
2025-12-01 02:24:23.917 [main] INFO  o.e.jetty.server.AbstractConnector - Started admin@1c758545{HTTP/1.1, (http/1.1)}{localhost:8990}
2025-12-01 02:24:23.919 [main] INFO  org.eclipse.jetty.server.Server - Started Server@149c3204{STARTING}[10.0.23,sto=30000] @2192ms
2025-12-01 02:24:27.394 [pool-2-thread-12 - GET /route?point=-7.159258643450249,-34.85749483108521&point=-7.159120255966353,-34.854946732521064&profile=foot&points_encoded=false] INFO  c.g.resources.RouteResource - 127.0.0.1 pt_BR Mozilla/5.0 (Windows NT 10.0; Win64; x64) AppleWebKit/537.36 (KHTML, like Gecko) Chrome/142.0.0.0 Safari/537.36 [-7.159258643450249,-34.85749483108521, -7.159120255966353,-34.854946732521064], took: 37,1ms, algo: , profile: foot, alternatives: 1, distance0: 362.77110719554406, weight0: 261.1951971807917, time0: 4min, points0: 15, debugInfo: idLookup:0.0075208s; , algoInit:3497 ?s, astarbi|beeline-routing:4 ms, path extraction: 374 ?s, visited nodes sum: 24
2025-12-01 02:24:31.974 [pool-2-thread-2 - GET /route?point=-7.159141546351218,-34.85771745443345&point=-7.15890469076357,-34.85555827617646&profile=foot&points_encoded=false] INFO  c.g.resources.RouteResource - 127.0.0.1 pt_BR Mozilla/5.0 (Windows NT 10.0; Win64; x64) AppleWebKit/537.36 (KHTML, like Gecko) Chrome/142.0.0.0 Safari/537.36 [-7.159141546351218,-34.85771745443345, -7.15890469076357,-34.85555827617646], took: 2,0ms, algo: , profile: foot, alternatives: 1, distance0: 360.43134176450974, weight0: 259.510566070447, time0: 4min, points0: 12, debugInfo: idLookup:7.4E-4s; , algoInit:131 ?s, astarbi|beeline-routing:0 ms, path extraction: 29 ?s, visited nodes sum: 12
2025-12-01 02:24:39.569 [pool-2-thread-11 - GET /route?point=-7.158854126071626,-34.85637366771699&point=-7.15822872020791,-34.8549896478653&profile=foot&points_encoded=false] INFO  c.g.resources.RouteResource - 127.0.0.1 pt_BR Mozilla/5.0 (Windows NT 10.0; Win64; x64) AppleWebKit/537.36 (KHTML, like Gecko) Chrome/142.0.0.0 Safari/537.36 [-7.158854126071626,-34.85637366771699, -7.15822872020791,-34.8549896478653], took: 1,8ms, algo: , profile: foot, alternatives: 1, distance0: 387.77127844733707, weight0: 279.1953204820827, time0: 5min, points0: 9, debugInfo: idLookup:4.224E-4s; , algoInit:119 ?s, astarbi|beeline-routing:0 ms, path extraction: 24 ?s, visited nodes sum: 16
2025-12-01 02:24:45.495 [pool-2-thread-12 - GET /route?point=-7.159192111011306,-34.85635221004487&point=-7.159088320387178,-34.855896234512336&profile=foot&points_encoded=false] INFO  c.g.resources.RouteResource - 127.0.0.1 pt_BR Mozilla/5.0 (Windows NT 10.0; Win64; x64) AppleWebKit/537.36 (KHTML, like Gecko) Chrome/142.0.0.0 Safari/537.36 [-7.159192111011306,-34.85635221004487, -7.159088320387178,-34.855896234512336], took: 1,6ms, algo: , profile: foot, alternatives: 1, distance0: 142.8078638683427, weight0: 102.82166198520675, time0: 2min, points0: 8, debugInfo: idLookup:5.684E-4s; , algoInit:104 ?s, astarbi|beeline-routing:0 ms, path extraction: 25 ?s, visited nodes sum: 14
2025-12-01 02:24:51.594 [JettyShutdownThread] INFO  org.eclipse.jetty.server.Server - Stopped Server@149c3204{STOPPING}[10.0.23,sto=30000]
2025-12-01 02:24:51.594 [JettyShutdownThread] INFO  org.eclipse.jetty.server.Server - Shutdown Server@149c3204{STOPPING}[10.0.23,sto=30000]
2025-12-01 02:24:52.618 [JettyShutdownThread] INFO  o.e.jetty.server.AbstractConnector - Stopped application@64693226{HTTP/1.1, (http/1.1)}{localhost:8989}
2025-12-01 02:24:52.619 [JettyShutdownThread] INFO  o.e.jetty.server.AbstractConnector - Stopped admin@1c758545{HTTP/1.1, (http/1.1)}{localhost:8990}
2025-12-01 02:24:52.620 [JettyShutdownThread] INFO  o.e.j.server.handler.ContextHandler - Stopped i.d.j.MutableServletContextHandler@cbd40c1{/,null,STOPPED}
2025-12-01 02:24:52.627 [JettyShutdownThread] INFO  o.e.j.server.handler.ContextHandler - Stopped i.d.j.MutableServletContextHandler@18d47df0{/,null,STOPPED}
2025-12-01 02:28:30.275 [main] INFO  i.d.core.server.DefaultServerFactory - Registering jersey handler with root path prefix: /
2025-12-01 02:28:30.277 [main] INFO  i.d.core.server.DefaultServerFactory - Registering admin handler with root path prefix: /
2025-12-01 02:28:30.496 [main] INFO  io.dropwizard.assets.AssetsBundle - Registering AssetBundle with name: assets for path /maps/*
2025-12-01 02:28:30.498 [main] INFO  io.dropwizard.assets.AssetsBundle - Registering AssetBundle with name: webjars for path /webjars/*
2025-12-01 02:28:30.503 [main] INFO  i.d.core.server.ServerFactory - Starting GraphHopperApplication
                        _     _
   __ _ _ __ __ _ _ __ | |__ | |__   ___  _ __  _ __   ___ _ __
  / _` | '__/ _` | '_ \| '_ \| '_ \ / _ \| '_ \| '_ \ / _ \ '__|
 | (_| | | | (_| | |_) | | | | | | | (_) | |_) | |_) |  __/ |
  \__, |_|  \__,_| .__/|_| |_|_| |_|\___/| .__/| .__/ \___|_|
  |___/          |_|                     |_|   |_|
2025-12-01 02:28:30.645 [main] INFO  o.e.jetty.setuid.SetUIDListener - Opened application@64693226{HTTP/1.1, (http/1.1)}{localhost:8989}
2025-12-01 02:28:30.646 [main] INFO  o.e.jetty.setuid.SetUIDListener - Opened admin@1c758545{HTTP/1.1, (http/1.1)}{localhost:8990}
2025-12-01 02:28:30.652 [main] INFO  org.eclipse.jetty.server.Server - jetty-10.0.23; built: 2024-08-14T01:14:42.815Z; git: 570aa4a1395ca8f9f800045f3a1fe5fe3af9a598; jvm 17.0.12+8-LTS-286
2025-12-01 02:28:30.673 [main] INFO  com.graphhopper.GraphHopper - version 10.0|2024-11-04T16:04:43Z (9,23,7,5,2,9)
2025-12-01 02:28:30.997 [main] INFO  com.graphhopper.GraphHopper - No custom areas are used, custom_areas.directory not given
2025-12-01 02:28:31.022 [main] INFO  com.graphhopper.GraphHopper - No country rules available
2025-12-01 02:28:31.022 [main] INFO  com.graphhopper.GraphHopper - start creating graph from caminhos_unipe.osm
2025-12-01 02:28:31.092 [main] INFO  com.graphhopper.GraphHopper - using foot|RAM_STORE|2D|no_turn_cost|nodes:9,edges:23,geometry:7,location_index:5,string_index:2,nodesCH:0,shortcuts:9, memory:totalMB:54, usedMB:32
2025-12-01 02:28:31.110 [main] INFO  c.g.reader.osm.WaySegmentParser - Start reading OSM file: 'caminhos_unipe.osm'
2025-12-01 02:28:31.110 [main] INFO  c.g.reader.osm.WaySegmentParser - pass1 - start
2025-12-01 02:28:31.157 [main] INFO  c.g.reader.osm.WaySegmentParser - pass1 - start reading OSM ways
2025-12-01 02:28:31.164 [main] INFO  c.g.reader.osm.WaySegmentParser - pass1 - finished, processed ways: 43, accepted ways: 43, way nodes: 181, relations: 0, totalMB:54, usedMB:30
2025-12-01 02:28:31.164 [main] INFO  c.g.reader.osm.WaySegmentParser - pass1 - finished, took: 52,83ms
2025-12-01 02:28:31.166 [main] INFO  c.g.reader.osm.WaySegmentParser - Creating graph. Node count (pillar+tower): 181, totalMB:54, usedMB:30
2025-12-01 02:28:31.166 [main] INFO  c.g.reader.osm.WaySegmentParser - pass2 - start
2025-12-01 02:28:31.168 [main] INFO  c.g.reader.osm.WaySegmentParser - pass2 - start reading OSM nodes
2025-12-01 02:28:31.172 [main] INFO  c.g.reader.osm.WaySegmentParser - pass2 - start reading OSM ways
2025-12-01 02:28:31.195 [main] INFO  c.g.reader.osm.WaySegmentParser - pass2 - finished, processed ways: 43, way nodes: 181, nodes with tags: 0, node tag capacity: 1,056,768, ignored barriers at junctions: 0
2025-12-01 02:28:31.195 [main] INFO  c.g.reader.osm.WaySegmentParser - pass2 - finished, took: 28,49ms
2025-12-01 02:28:31.198 [main] INFO  c.g.reader.osm.WaySegmentParser - Finished reading OSM file. pass1: 0s,  pass2: 0s,  total: 0s
2025-12-01 02:28:31.198 [main] INFO  c.graphhopper.reader.osm.OSMReader - Finished reading OSM file: C:\dev\Java\graphhopper\caminhos_unipe.osm, nodes: 84, edges: 117, zero distance edges: 0
2025-12-01 02:28:31.214 [main] INFO  c.g.r.s.PrepareRoutingSubnetworks - Start marking subnetworks, prepare.min_network_size: 200, threads: 1, nodes: 84, edges: 117, jobs: [foot_subnetwork|com.graphhopper.routing.weighting.custom.CustomWeighting@5f96f6a2], totalMB:54, usedMB:32
2025-12-01 02:28:31.244 [ForkJoinPool-1-worker-1] INFO  c.g.r.s.PrepareRoutingSubnetworks - foot - Found 1 subnetworks (0 single edges and 1 components with more than one edge, total nodes: 234), took: 0.0101954s
2025-12-01 02:28:31.250 [ForkJoinPool-1-worker-1] INFO  c.g.r.s.PrepareRoutingSubnetworks - foot - Marked 0 subnetworks (biggest: 0 edges) -> 1 components(s) remain (smallest: 234, biggest: 234 edges), total marked edges: 0, took: 9.902E-4s
2025-12-01 02:28:31.253 [main] INFO  c.g.r.s.PrepareRoutingSubnetworks - Finished finding and marking subnetworks for 1 jobs, took: 0.0443849s, totalMB:54, usedMB:34
2025-12-01 02:28:31.253 [main] INFO  com.graphhopper.GraphHopper - nodes: 84, edges: 117
2025-12-01 02:28:31.301 [main] INFO  c.g.storage.index.LocationIndexTree - location index created in 0.015708s, size:139, leafs:4, precision:300, depth:1, checksum:33, entries:[4], entriesPerLeaf:34.75
2025-12-01 02:28:31.314 [main] INFO  com.graphhopper.GraphHopper - flushing graph foot|RAM_STORE|2D|no_turn_cost|nodes:9,edges:23,geometry:7,location_index:5,string_index:2,nodesCH:0,shortcuts:9, details:edges: 117(1MB), nodes: 84(1MB), bounds: -34.8580337,-34.8536283,-7.1606108,-7.1574047, name:(1MB), geo:554/-1(1MB), totalMB:54, usedMB:29)
2025-12-01 02:28:31.331 [main] INFO  com.graphhopper.GraphHopper - flushed graph totalMB:54, usedMB:32)
2025-12-01 02:28:31.334 [main] INFO  c.g.http.GraphHopperManaged - loaded graph at:graph-cache-unipe, data_reader_file:caminhos_unipe.osm, encoded values:["{\"className\":\"com.graphhopper.routing.ev.SimpleBooleanEncodedValue\",\"name\":\"foot_access\",\"bits\":1,\"min_storable_value\":0,\"max_storable_value\":1,\"max_value\":1,\"negate_reverse_direction\":false,\"store_two_directions\":true,\"fwd_data_index\":0,\"bwd_data_index\":0,\"fwd_shift\":0,\"bwd_shift\":1,\"fwd_mask\":1,\"bwd_mask\":2}","{\"className\":\"com.graphhopper.routing.ev.DecimalEncodedValueImpl\",\"name\":\"foot_average_speed\",\"bits\":4,\"min_storable_value\":0,\"max_storable_value\":15,\"max_value\":5,\"negate_reverse_direction\":false,\"store_two_directions\":false,\"fwd_data_index\":0,\"bwd_data_index\":0,\"fwd_shift\":2,\"bwd_shift\":-1,\"fwd_mask\":60,\"bwd_mask\":0,\"factor\":1.0,\"use_maximum_as_infinity\":false}","{\"className\":\"com.graphhopper.routing.ev.EnumEncodedValue\",\"name\":\"road_class\",\"bits\":5,\"min_storable_value\":0,\"max_storable_value\":31,\"max_value\":16,\"negate_reverse_direction\":false,\"store_two_directions\":false,\"fwd_data_index\":0,\"bwd_data_index\":0,\"fwd_shift\":6,\"bwd_shift\":-1,\"fwd_mask\":1984,\"bwd_mask\":0,\"enum_type\":\"com.graphhopper.routing.ev.RoadClass\"}","{\"className\":\"com.graphhopper.routing.ev.EnumEncodedValue\",\"name\":\"road_environment\",\"bits\":3,\"min_storable_value\":0,\"max_storable_value\":7,\"max_value\":1,\"negate_reverse_direction\":false,\"store_two_directions\":false,\"fwd_data_index\":0,\"bwd_data_index\":0,\"fwd_shift\":11,\"bwd_shift\":-1,\"fwd_mask\":14336,\"bwd_mask\":0,\"enum_type\":\"com.graphhopper.routing.ev.RoadEnvironment\"}","{\"className\":\"com.graphhopper.routing.ev.SimpleBooleanEncodedValue\",\"name\":\"roundabout\",\"bits\":1,\"min_storable_value\":0,\"max_storable_value\":1,\"max_value\":-2147483648,\"negate_reverse_direction\":false,\"store_two_directions\":false,\"fwd_data_index\":0,\"bwd_data_index\":0,\"fwd_shift\":14,\"bwd_shift\":-1,\"fwd_mask\":16384,\"bwd_mask\":0}","{\"className\":\"com.graphhopper.routing.ev.SimpleBooleanEncodedValue\",\"name\":\"road_class_link\",\"bits\":1,\"min_storable_value\":0,\"max_storable_value\":1,\"max_value\":-2147483648,\"negate_reverse_direction\":false,\"store_two_directions\":false,\"fwd_data_index\":0,\"bwd_data_index\":0,\"fwd_shift\":15,\"bwd_shift\":-1,\"fwd_mask\":32768,\"bwd_mask\":0}","{\"className\":\"com.graphhopper.routing.ev.DecimalEncodedValueImpl\",\"name\":\"max_speed\",\"bits\":7,\"min_storable_value\":0,\"max_storable_value\":127,\"max_value\":127,\"negate_reverse_direction\":false,\"store_two_directions\":true,\"fwd_data_index\":0,\"bwd_data_index\":0,\"fwd_shift\":16,\"bwd_shift\":23,\"fwd_mask\":8323072,\"bwd_mask\":1065353216,\"factor\":2.0,\"use_maximum_as_infinity\":true}","{\"className\":\"com.graphhopper.routing.ev.DecimalEncodedValueImpl\",\"name\":\"ferry_speed\",\"bits\":5,\"min_storable_value\":0,\"max_storable_value\":31,\"max_value\":-2147483648,\"negate_reverse_direction\":false,\"store_two_directions\":false,\"fwd_data_index\":1,\"bwd_data_index\":0,\"fwd_shift\":0,\"bwd_shift\":-1,\"fwd_mask\":31,\"bwd_mask\":0,\"factor\":2.0,\"use_maximum_as_infinity\":false}","{\"className\":\"com.graphhopper.routing.ev.SimpleBooleanEncodedValue\",\"name\":\"foot_subnetwork\",\"bits\":1,\"min_storable_value\":0,\"max_storable_value\":1,\"max_value\":0,\"negate_reverse_direction\":false,\"store_two_directions\":false,\"fwd_data_index\":1,\"bwd_data_index\":0,\"fwd_shift\":5,\"bwd_shift\":-1,\"fwd_mask\":32,\"bwd_mask\":0}"], 5 bytes for edge flags, edges: 117(1MB), nodes: 84(1MB), bounds: -34.8580337,-34.8536283,-7.1606108,-7.1574047, name:(1MB), geo:554/-1(1MB)
2025-12-01 02:28:31.612 [main] WARN  o.g.jersey.internal.inject.Providers - A provider com.codahale.metrics.health.HealthCheckRegistry registered in SERVER runtime does not implement any provider interfaces applicable in the SERVER runtime. Due to constraint configuration problems the provider com.codahale.metrics.health.HealthCheckRegistry will be ignored. 
2025-12-01 02:28:31.738 [main] INFO  i.d.jersey.DropwizardResourceConfig - The following paths were found for the configured resources:

    GET     / (com.graphhopper.application.resources.RootResource)
    GET     /health (com.graphhopper.resources.HealthCheckResource)
    GET     /i18n (com.graphhopper.resources.I18NResource)
    GET     /i18n/{locale} (com.graphhopper.resources.I18NResource)
    GET     /info (com.graphhopper.resources.InfoResource)
    GET     /isochrone (com.graphhopper.resources.IsochroneResource)
    POST    /match (com.graphhopper.resources.MapMatchingResource)
    GET     /mvt/{z}/{x}/{y}.mvt (com.graphhopper.resources.MVTResource)
    GET     /navigate/directions/v5/gh/{profile}/{coordinatesArray : .+} (com.graphhopper.navigation.NavigateResource)
    GET     /nearest (com.graphhopper.resources.NearestResource)
    GET     /route (com.graphhopper.resources.RouteResource)
    POST    /route (com.graphhopper.resources.RouteResource)
    GET     /spt (com.graphhopper.resources.SPTResource)

2025-12-01 02:28:31.741 [main] INFO  o.e.j.server.handler.ContextHandler - Started i.d.j.MutableServletContextHandler@6812c8cc{/,null,AVAILABLE}
2025-12-01 02:28:31.750 [main] INFO  i.d.core.setup.AdminEnvironment - tasks = 

    POST    /tasks/log-level (io.dropwizard.servlets.tasks.LogConfigurationTask)
    POST    /tasks/gc (io.dropwizard.servlets.tasks.GarbageCollectionTask)

2025-12-01 02:28:31.750 [main] INFO  o.e.j.server.handler.ContextHandler - Started i.d.j.MutableServletContextHandler@93bf0e0{/,null,AVAILABLE}
2025-12-01 02:28:31.806 [main] INFO  o.e.jetty.server.AbstractConnector - Started application@64693226{HTTP/1.1, (http/1.1)}{localhost:8989}
2025-12-01 02:28:31.813 [main] INFO  o.e.jetty.server.AbstractConnector - Started admin@1c758545{HTTP/1.1, (http/1.1)}{localhost:8990}
2025-12-01 02:28:31.815 [main] INFO  org.eclipse.jetty.server.Server - Started Server@149c3204{STARTING}[10.0.23,sto=30000] @2558ms
2025-12-01 02:28:47.674 [pool-2-thread-12 - GET /route?point=-7.159088320387178,-34.85781133174897&point=-7.159351788848466,-34.85546439886094&profile=foot&points_encoded=false] INFO  c.g.resources.RouteResource - 127.0.0.1 pt_BR Mozilla/5.0 (Windows NT 10.0; Win64; x64) AppleWebKit/537.36 (KHTML, like Gecko) Chrome/142.0.0.0 Safari/537.36 [-7.159088320387178,-34.85781133174897, -7.159351788848466,-34.85546439886094], took: 26,0ms, algo: , profile: foot, alternatives: 1, distance0: 285.73622660383427, weight0: 205.7300831547606, time0: 3min, points0: 8, debugInfo: idLookup:0.0040388s; , algoInit:2956 ?s, astarbi|beeline-routing:3 ms, path extraction: 390 ?s, visited nodes sum: 14
2025-12-01 02:28:50.067 [pool-2-thread-2 - GET /route?point=-7.159162836735104,-34.85586941242219&point=-7.159490176262123,-34.85604107379914&profile=foot&points_encoded=false] INFO  c.g.resources.RouteResource - 127.0.0.1 pt_BR Mozilla/5.0 (Windows NT 10.0; Win64; x64) AppleWebKit/537.36 (KHTML, like Gecko) Chrome/142.0.0.0 Safari/537.36 [-7.159162836735104,-34.85586941242219, -7.159490176262123,-34.85604107379914], took: 1,3ms, algo: , profile: foot, alternatives: 1, distance0: 46.190535184195234, weight0: 33.257185332620566, time0: 1min, points0: 4, debugInfo: idLookup:3.091E-4s; , algoInit:113 ?s, astarbi|beeline-routing:0 ms, path extraction: 35 ?s, visited nodes sum: 6
2025-12-01 02:33:41.575 [pool-2-thread-15 - GET /route?point=-7.158257994544071,-34.85584259033204&point=-7.157443635037707,-34.8538362979889&profile=foot&points_encoded=false] INFO  c.g.resources.RouteResource - 127.0.0.1 pt_BR Mozilla/5.0 (Windows NT 10.0; Win64; x64) AppleWebKit/537.36 (KHTML, like Gecko) Chrome/142.0.0.0 Safari/537.36 [-7.158257994544071,-34.85584259033204, -7.157443635037707,-34.8538362979889], took: 1,8ms, algo: , profile: foot, alternatives: 1, distance0: 235.11158685915285, weight0: 169.28034253859005, time0: 3min, points0: 4, debugInfo: idLookup:8.857E-4s; , algoInit:108 ?s, astarbi|beeline-routing:0 ms, path extraction: 15 ?s, visited nodes sum: 6
2025-12-01 02:40:38.742 [pool-2-thread-17 - GET /route?point=-7.158382354567334,-34.85484815167722&point=-7.160095260099522,-34.85502350592284&profile=foot&points_encoded=false] INFO  c.g.resources.RouteResource - 127.0.0.1 pt_BR Mozilla/5.0 (Windows NT 10.0; Win64; x64) AppleWebKit/537.36 (KHTML, like Gecko) Chrome/142.0.0.0 Safari/537.36 [-7.158382354567334,-34.85484815167722, -7.160095260099522,-34.85502350592284], took: 1,6ms, algo: , profile: foot, alternatives: 1, distance0: 251.47715890174447, weight0: 181.06355440925603, time0: 3min, points0: 7, debugInfo: idLookup:4.204E-4s; , algoInit:110 ?s, astarbi|beeline-routing:0 ms, path extraction: 20 ?s, visited nodes sum: 14
2025-12-01 02:40:41.528 [pool-2-thread-6 - GET /route?point=-7.158934935101405,-34.855849626299424&point=-7.159387355749894,-34.855806710955186&profile=foot&points_encoded=false] INFO  c.g.resources.RouteResource - 127.0.0.1 pt_BR Mozilla/5.0 (Windows NT 10.0; Win64; x64) AppleWebKit/537.36 (KHTML, like Gecko) Chrome/142.0.0.0 Safari/537.36 [-7.158934935101405,-34.855849626299424, -7.159387355749894,-34.855806710955186], took: 1,3ms, algo: , profile: foot, alternatives: 1, distance0: 93.81606054624429, weight0: 67.54756359329589, time0: 1min, points0: 8, debugInfo: idLookup:3.699E-4s; , algoInit:103 ?s, astarbi|beeline-routing:0 ms, path extraction: 16 ?s, visited nodes sum: 12
2025-12-01 02:40:44.276 [pool-2-thread-16 - GET /route?point=-7.159080821514413,-34.85590779912308&point=-7.159408161100285,-34.85639596116379&profile=foot&points_encoded=false] INFO  c.g.resources.RouteResource - 127.0.0.1 pt_BR Mozilla/5.0 (Windows NT 10.0; Win64; x64) AppleWebKit/537.36 (KHTML, like Gecko) Chrome/142.0.0.0 Safari/537.36 [-7.159080821514413,-34.85590779912308, -7.159408161100285,-34.85639596116379], took: 1,1ms, algo: , profile: foot, alternatives: 1, distance0: 76.85819828697021, weight0: 55.337902766618555, time0: 1min, points0: 4, debugInfo: idLookup:2.09E-4s; , algoInit:96 ?s, astarbi|beeline-routing:0 ms, path extraction: 16 ?s, visited nodes sum: 6
2025-12-01 02:43:19.928 [JettyShutdownThread] INFO  org.eclipse.jetty.server.Server - Stopped Server@149c3204{STOPPING}[10.0.23,sto=30000]
2025-12-01 02:43:19.928 [JettyShutdownThread] INFO  org.eclipse.jetty.server.Server - Shutdown Server@149c3204{STOPPING}[10.0.23,sto=30000]
2025-12-01 02:43:19.932 [JettyShutdownThread] INFO  o.e.jetty.server.AbstractConnector - Stopped application@64693226{HTTP/1.1, (http/1.1)}{localhost:8989}
2025-12-01 02:43:19.933 [JettyShutdownThread] INFO  o.e.jetty.server.AbstractConnector - Stopped admin@1c758545{HTTP/1.1, (http/1.1)}{localhost:8990}
2025-12-01 02:43:19.934 [JettyShutdownThread] INFO  o.e.j.server.handler.ContextHandler - Stopped i.d.j.MutableServletContextHandler@93bf0e0{/,null,STOPPED}
2025-12-01 02:43:19.939 [JettyShutdownThread] INFO  o.e.j.server.handler.ContextHandler - Stopped i.d.j.MutableServletContextHandler@6812c8cc{/,null,STOPPED}
2025-12-01 02:43:22.697 [main] INFO  i.d.core.server.DefaultServerFactory - Registering jersey handler with root path prefix: /
2025-12-01 02:43:22.699 [main] INFO  i.d.core.server.DefaultServerFactory - Registering admin handler with root path prefix: /
2025-12-01 02:43:22.925 [main] INFO  io.dropwizard.assets.AssetsBundle - Registering AssetBundle with name: assets for path /maps/*
2025-12-01 02:43:22.927 [main] INFO  io.dropwizard.assets.AssetsBundle - Registering AssetBundle with name: webjars for path /webjars/*
2025-12-01 02:43:22.932 [main] INFO  i.d.core.server.ServerFactory - Starting GraphHopperApplication
                        _     _
   __ _ _ __ __ _ _ __ | |__ | |__   ___  _ __  _ __   ___ _ __
  / _` | '__/ _` | '_ \| '_ \| '_ \ / _ \| '_ \| '_ \ / _ \ '__|
 | (_| | | | (_| | |_) | | | | | | | (_) | |_) | |_) |  __/ |
  \__, |_|  \__,_| .__/|_| |_|_| |_|\___/| .__/| .__/ \___|_|
  |___/          |_|                     |_|   |_|
2025-12-01 02:43:23.032 [main] INFO  o.e.jetty.setuid.SetUIDListener - Opened application@64693226{HTTP/1.1, (http/1.1)}{localhost:8989}
2025-12-01 02:43:23.032 [main] INFO  o.e.jetty.setuid.SetUIDListener - Opened admin@1c758545{HTTP/1.1, (http/1.1)}{localhost:8990}
2025-12-01 02:43:23.035 [main] INFO  org.eclipse.jetty.server.Server - jetty-10.0.23; built: 2024-08-14T01:14:42.815Z; git: 570aa4a1395ca8f9f800045f3a1fe5fe3af9a598; jvm 17.0.12+8-LTS-286
2025-12-01 02:43:23.261 [main] INFO  com.graphhopper.GraphHopper - version 10.0|2024-11-04T16:04:43Z (9,23,7,5,2,9)
2025-12-01 02:43:23.280 [main] INFO  com.graphhopper.GraphHopper - graph foot|RAM_STORE|2D|no_turn_cost|nodes:9,edges:23,geometry:7,location_index:5,string_index:2,nodesCH:0,shortcuts:9, details:edges: 117(1MB), nodes: 84(1MB), bounds: -34.8580337,-34.8536283,-7.1606108,-7.1574047, name:(1MB), geo:554/-1(1MB)
2025-12-01 02:43:23.296 [main] INFO  c.g.http.GraphHopperManaged - loaded graph at:graph-cache-unipe, data_reader_file:caminhos_unipe.osm, encoded values:["{\"className\":\"com.graphhopper.routing.ev.SimpleBooleanEncodedValue\",\"name\":\"foot_access\",\"bits\":1,\"min_storable_value\":0,\"max_storable_value\":1,\"max_value\":1,\"negate_reverse_direction\":false,\"store_two_directions\":true,\"fwd_data_index\":0,\"bwd_data_index\":0,\"fwd_shift\":0,\"bwd_shift\":1,\"fwd_mask\":1,\"bwd_mask\":2}","{\"className\":\"com.graphhopper.routing.ev.DecimalEncodedValueImpl\",\"name\":\"foot_average_speed\",\"bits\":4,\"min_storable_value\":0,\"max_storable_value\":15,\"max_value\":5,\"negate_reverse_direction\":false,\"store_two_directions\":false,\"fwd_data_index\":0,\"bwd_data_index\":0,\"fwd_shift\":2,\"bwd_shift\":-1,\"fwd_mask\":60,\"bwd_mask\":0,\"factor\":1.0,\"use_maximum_as_infinity\":false}","{\"className\":\"com.graphhopper.routing.ev.EnumEncodedValue\",\"name\":\"road_class\",\"bits\":5,\"min_storable_value\":0,\"max_storable_value\":31,\"max_value\":16,\"negate_reverse_direction\":false,\"store_two_directions\":false,\"fwd_data_index\":0,\"bwd_data_index\":0,\"fwd_shift\":6,\"bwd_shift\":-1,\"fwd_mask\":1984,\"bwd_mask\":0,\"enum_type\":\"com.graphhopper.routing.ev.RoadClass\"}","{\"className\":\"com.graphhopper.routing.ev.EnumEncodedValue\",\"name\":\"road_environment\",\"bits\":3,\"min_storable_value\":0,\"max_storable_value\":7,\"max_value\":1,\"negate_reverse_direction\":false,\"store_two_directions\":false,\"fwd_data_index\":0,\"bwd_data_index\":0,\"fwd_shift\":11,\"bwd_shift\":-1,\"fwd_mask\":14336,\"bwd_mask\":0,\"enum_type\":\"com.graphhopper.routing.ev.RoadEnvironment\"}","{\"className\":\"com.graphhopper.routing.ev.SimpleBooleanEncodedValue\",\"name\":\"roundabout\",\"bits\":1,\"min_storable_value\":0,\"max_storable_value\":1,\"max_value\":-2147483648,\"negate_reverse_direction\":false,\"store_two_directions\":false,\"fwd_data_index\":0,\"bwd_data_index\":0,\"fwd_shift\":14,\"bwd_shift\":-1,\"fwd_mask\":16384,\"bwd_mask\":0}","{\"className\":\"com.graphhopper.routing.ev.SimpleBooleanEncodedValue\",\"name\":\"road_class_link\",\"bits\":1,\"min_storable_value\":0,\"max_storable_value\":1,\"max_value\":-2147483648,\"negate_reverse_direction\":false,\"store_two_directions\":false,\"fwd_data_index\":0,\"bwd_data_index\":0,\"fwd_shift\":15,\"bwd_shift\":-1,\"fwd_mask\":32768,\"bwd_mask\":0}","{\"className\":\"com.graphhopper.routing.ev.DecimalEncodedValueImpl\",\"name\":\"max_speed\",\"bits\":7,\"min_storable_value\":0,\"max_storable_value\":127,\"max_value\":127,\"negate_reverse_direction\":false,\"store_two_directions\":true,\"fwd_data_index\":0,\"bwd_data_index\":0,\"fwd_shift\":16,\"bwd_shift\":23,\"fwd_mask\":8323072,\"bwd_mask\":1065353216,\"factor\":2.0,\"use_maximum_as_infinity\":true}","{\"className\":\"com.graphhopper.routing.ev.DecimalEncodedValueImpl\",\"name\":\"ferry_speed\",\"bits\":5,\"min_storable_value\":0,\"max_storable_value\":31,\"max_value\":-2147483648,\"negate_reverse_direction\":false,\"store_two_directions\":false,\"fwd_data_index\":1,\"bwd_data_index\":0,\"fwd_shift\":0,\"bwd_shift\":-1,\"fwd_mask\":31,\"bwd_mask\":0,\"factor\":2.0,\"use_maximum_as_infinity\":false}","{\"className\":\"com.graphhopper.routing.ev.SimpleBooleanEncodedValue\",\"name\":\"foot_subnetwork\",\"bits\":1,\"min_storable_value\":0,\"max_storable_value\":1,\"max_value\":0,\"negate_reverse_direction\":false,\"store_two_directions\":false,\"fwd_data_index\":1,\"bwd_data_index\":0,\"fwd_shift\":5,\"bwd_shift\":-1,\"fwd_mask\":32,\"bwd_mask\":0}"], 5 bytes for edge flags, edges: 117(1MB), nodes: 84(1MB), bounds: -34.8580337,-34.8536283,-7.1606108,-7.1574047, name:(1MB), geo:554/-1(1MB)
2025-12-01 02:43:23.576 [main] WARN  o.g.jersey.internal.inject.Providers - A provider com.codahale.metrics.health.HealthCheckRegistry registered in SERVER runtime does not implement any provider interfaces applicable in the SERVER runtime. Due to constraint configuration problems the provider com.codahale.metrics.health.HealthCheckRegistry will be ignored. 
2025-12-01 02:43:23.704 [main] INFO  i.d.jersey.DropwizardResourceConfig - The following paths were found for the configured resources:

    GET     / (com.graphhopper.application.resources.RootResource)
    GET     /health (com.graphhopper.resources.HealthCheckResource)
    GET     /i18n (com.graphhopper.resources.I18NResource)
    GET     /i18n/{locale} (com.graphhopper.resources.I18NResource)
    GET     /info (com.graphhopper.resources.InfoResource)
    GET     /isochrone (com.graphhopper.resources.IsochroneResource)
    POST    /match (com.graphhopper.resources.MapMatchingResource)
    GET     /mvt/{z}/{x}/{y}.mvt (com.graphhopper.resources.MVTResource)
    GET     /navigate/directions/v5/gh/{profile}/{coordinatesArray : .+} (com.graphhopper.navigation.NavigateResource)
    GET     /nearest (com.graphhopper.resources.NearestResource)
    GET     /route (com.graphhopper.resources.RouteResource)
    POST    /route (com.graphhopper.resources.RouteResource)
    GET     /spt (com.graphhopper.resources.SPTResource)

2025-12-01 02:43:23.707 [main] INFO  o.e.j.server.handler.ContextHandler - Started i.d.j.MutableServletContextHandler@18d47df0{/,null,AVAILABLE}
2025-12-01 02:43:23.713 [main] INFO  i.d.core.setup.AdminEnvironment - tasks = 

    POST    /tasks/log-level (io.dropwizard.servlets.tasks.LogConfigurationTask)
    POST    /tasks/gc (io.dropwizard.servlets.tasks.GarbageCollectionTask)

2025-12-01 02:43:23.714 [main] INFO  o.e.j.server.handler.ContextHandler - Started i.d.j.MutableServletContextHandler@cbd40c1{/,null,AVAILABLE}
2025-12-01 02:43:23.760 [main] INFO  o.e.jetty.server.AbstractConnector - Started application@64693226{HTTP/1.1, (http/1.1)}{localhost:8989}
2025-12-01 02:43:23.764 [main] INFO  o.e.jetty.server.AbstractConnector - Started admin@1c758545{HTTP/1.1, (http/1.1)}{localhost:8990}
2025-12-01 02:43:23.767 [main] INFO  org.eclipse.jetty.server.Server - Started Server@149c3204{STARTING}[10.0.23,sto=30000] @2081ms
2025-12-01 02:43:42.772 [pool-2-thread-12 - GET /route?point=-7.161637837087842,-34.86108899116517&point=-7.16059461277024,-34.86071348190308&profile=foot&points_encoded=false] INFO  c.g.resources.RouteResource - 127.0.0.1 pt_BR Mozilla/5.0 (Windows NT 10.0; Win64; x64) AppleWebKit/537.36 (KHTML, like Gecko) Chrome/142.0.0.0 Safari/537.36 [-7.161637837087842,-34.86108899116517, -7.16059461277024,-34.86071348190308], took: 5,6ms, algo: , profile: foot no paths, main errors: [com.graphhopper.util.exceptions.PointOutOfBoundsException: Point 0 is out of bounds: -7.161637837087842,-34.86108899116517, the bounds are: -34.8580337,-34.8536283,-7.1606108,-7.1574047]
2025-12-01 02:44:04.008 [pool-2-thread-12 - POST /route?key=] INFO  c.g.resources.RouteResource - 127.0.0.1 pt_BR Mozilla/5.0 (Windows NT 10.0; Win64; x64) AppleWebKit/537.36 (KHTML, like Gecko) Chrome/142.0.0.0 Safari/537.36 2, took: 50,0 ms, algo: , profile: foot, custom_model: null, alternatives: 1, distance0: 240.638532781629, weight0: 173.25974360277286, time0: 3min, points0: 12, debugInfo: idLookup:0.0098958s; , algoInit:5247 ?s, astarbi|beeline-routing:5 ms, path extraction: 421 ?s, visited nodes sum: 20
2025-12-01 02:44:04.008 [pool-2-thread-5 - POST /route?key=] INFO  c.g.resources.RouteResource - 127.0.0.1 pt_BR Mozilla/5.0 (Windows NT 10.0; Win64; x64) AppleWebKit/537.36 (KHTML, like Gecko) Chrome/142.0.0.0 Safari/537.36 2, took: 49,8 ms, algo: alternative_route, profile: foot, custom_model: null, alternatives: 1, distance0: 240.638532781629, weight0: 173.25974360277286, time0: 3min, points0: 12, debugInfo: idLookup:0.0096385s; 
2025-12-01 02:44:07.786 [pool-2-thread-11 - POST /route?key=] INFO  c.g.resources.RouteResource - 127.0.0.1 pt_BR Mozilla/5.0 (Windows NT 10.0; Win64; x64) AppleWebKit/537.36 (KHTML, like Gecko) Chrome/142.0.0.0 Safari/537.36 2, took: 3,3 ms, algo: , profile: foot, custom_model: null, alternatives: 1, distance0: 306.4422519057473, weight0: 220.63842137213805, time0: 4min, points0: 15, debugInfo: idLookup:0.0013953s; , algoInit:255 ?s, astarbi|beeline-routing:0 ms, path extraction: 41 ?s, visited nodes sum: 24
2025-12-01 02:44:07.787 [pool-2-thread-13 - POST /route?key=] INFO  c.g.resources.RouteResource - 127.0.0.1 pt_BR Mozilla/5.0 (Windows NT 10.0; Win64; x64) AppleWebKit/537.36 (KHTML, like Gecko) Chrome/142.0.0.0 Safari/537.36 2, took: 3,0 ms, algo: alternative_route, profile: foot, custom_model: null, alternatives: 1, distance0: 306.4422519057473, weight0: 220.63842137213803, time0: 4min, points0: 15, debugInfo: idLookup:6.93E-4s; 
2025-12-01 02:44:14.821 [JettyShutdownThread] INFO  org.eclipse.jetty.server.Server - Stopped Server@149c3204{STOPPING}[10.0.23,sto=30000]
2025-12-01 02:44:14.821 [JettyShutdownThread] INFO  org.eclipse.jetty.server.Server - Shutdown Server@149c3204{STOPPING}[10.0.23,sto=30000]
2025-12-01 02:44:15.839 [JettyShutdownThread] INFO  o.e.jetty.server.AbstractConnector - Stopped application@64693226{HTTP/1.1, (http/1.1)}{localhost:8989}
2025-12-01 02:44:15.840 [JettyShutdownThread] INFO  o.e.jetty.server.AbstractConnector - Stopped admin@1c758545{HTTP/1.1, (http/1.1)}{localhost:8990}
2025-12-01 02:44:15.841 [JettyShutdownThread] INFO  o.e.j.server.handler.ContextHandler - Stopped i.d.j.MutableServletContextHandler@cbd40c1{/,null,STOPPED}
2025-12-01 02:44:15.845 [JettyShutdownThread] INFO  o.e.j.server.handler.ContextHandler - Stopped i.d.j.MutableServletContextHandler@18d47df0{/,null,STOPPED}
2025-12-01 12:44:29.262 [main] INFO  i.d.core.server.DefaultServerFactory - Registering jersey handler with root path prefix: /
2025-12-01 12:44:29.267 [main] INFO  i.d.core.server.DefaultServerFactory - Registering admin handler with root path prefix: /
2025-12-01 12:44:29.780 [main] INFO  io.dropwizard.assets.AssetsBundle - Registering AssetBundle with name: assets for path /maps/*
2025-12-01 12:44:29.789 [main] INFO  io.dropwizard.assets.AssetsBundle - Registering AssetBundle with name: webjars for path /webjars/*
2025-12-01 12:44:29.805 [main] INFO  i.d.core.server.ServerFactory - Starting GraphHopperApplication
                        _     _
   __ _ _ __ __ _ _ __ | |__ | |__   ___  _ __  _ __   ___ _ __
  / _` | '__/ _` | '_ \| '_ \| '_ \ / _ \| '_ \| '_ \ / _ \ '__|
 | (_| | | | (_| | |_) | | | | | | | (_) | |_) | |_) |  __/ |
  \__, |_|  \__,_| .__/|_| |_|_| |_|\___/| .__/| .__/ \___|_|
  |___/          |_|                     |_|   |_|
2025-12-01 12:44:30.002 [main] INFO  o.e.jetty.setuid.SetUIDListener - Opened application@64693226{HTTP/1.1, (http/1.1)}{localhost:8989}
2025-12-01 12:44:30.002 [main] INFO  o.e.jetty.setuid.SetUIDListener - Opened admin@1c758545{HTTP/1.1, (http/1.1)}{localhost:8990}
2025-12-01 12:44:30.005 [main] INFO  org.eclipse.jetty.server.Server - jetty-10.0.23; built: 2024-08-14T01:14:42.815Z; git: 570aa4a1395ca8f9f800045f3a1fe5fe3af9a598; jvm 17.0.12+8-LTS-286
2025-12-01 12:44:30.339 [main] INFO  com.graphhopper.GraphHopper - version 10.0|2024-11-04T16:04:43Z (9,23,7,5,2,9)
2025-12-01 12:44:30.371 [main] INFO  com.graphhopper.GraphHopper - graph foot|RAM_STORE|2D|no_turn_cost|nodes:9,edges:23,geometry:7,location_index:5,string_index:2,nodesCH:0,shortcuts:9, details:edges: 117(1MB), nodes: 84(1MB), bounds: -34.8580337,-34.8536283,-7.1606108,-7.1574047, name:(1MB), geo:554/-1(1MB)
2025-12-01 12:44:30.402 [main] INFO  c.g.http.GraphHopperManaged - loaded graph at:graph-cache-unipe, data_reader_file:caminhos_unipe.osm, encoded values:["{\"className\":\"com.graphhopper.routing.ev.SimpleBooleanEncodedValue\",\"name\":\"foot_access\",\"bits\":1,\"min_storable_value\":0,\"max_storable_value\":1,\"max_value\":1,\"negate_reverse_direction\":false,\"store_two_directions\":true,\"fwd_data_index\":0,\"bwd_data_index\":0,\"fwd_shift\":0,\"bwd_shift\":1,\"fwd_mask\":1,\"bwd_mask\":2}","{\"className\":\"com.graphhopper.routing.ev.DecimalEncodedValueImpl\",\"name\":\"foot_average_speed\",\"bits\":4,\"min_storable_value\":0,\"max_storable_value\":15,\"max_value\":5,\"negate_reverse_direction\":false,\"store_two_directions\":false,\"fwd_data_index\":0,\"bwd_data_index\":0,\"fwd_shift\":2,\"bwd_shift\":-1,\"fwd_mask\":60,\"bwd_mask\":0,\"factor\":1.0,\"use_maximum_as_infinity\":false}","{\"className\":\"com.graphhopper.routing.ev.EnumEncodedValue\",\"name\":\"road_class\",\"bits\":5,\"min_storable_value\":0,\"max_storable_value\":31,\"max_value\":16,\"negate_reverse_direction\":false,\"store_two_directions\":false,\"fwd_data_index\":0,\"bwd_data_index\":0,\"fwd_shift\":6,\"bwd_shift\":-1,\"fwd_mask\":1984,\"bwd_mask\":0,\"enum_type\":\"com.graphhopper.routing.ev.RoadClass\"}","{\"className\":\"com.graphhopper.routing.ev.EnumEncodedValue\",\"name\":\"road_environment\",\"bits\":3,\"min_storable_value\":0,\"max_storable_value\":7,\"max_value\":1,\"negate_reverse_direction\":false,\"store_two_directions\":false,\"fwd_data_index\":0,\"bwd_data_index\":0,\"fwd_shift\":11,\"bwd_shift\":-1,\"fwd_mask\":14336,\"bwd_mask\":0,\"enum_type\":\"com.graphhopper.routing.ev.RoadEnvironment\"}","{\"className\":\"com.graphhopper.routing.ev.SimpleBooleanEncodedValue\",\"name\":\"roundabout\",\"bits\":1,\"min_storable_value\":0,\"max_storable_value\":1,\"max_value\":-2147483648,\"negate_reverse_direction\":false,\"store_two_directions\":false,\"fwd_data_index\":0,\"bwd_data_index\":0,\"fwd_shift\":14,\"bwd_shift\":-1,\"fwd_mask\":16384,\"bwd_mask\":0}","{\"className\":\"com.graphhopper.routing.ev.SimpleBooleanEncodedValue\",\"name\":\"road_class_link\",\"bits\":1,\"min_storable_value\":0,\"max_storable_value\":1,\"max_value\":-2147483648,\"negate_reverse_direction\":false,\"store_two_directions\":false,\"fwd_data_index\":0,\"bwd_data_index\":0,\"fwd_shift\":15,\"bwd_shift\":-1,\"fwd_mask\":32768,\"bwd_mask\":0}","{\"className\":\"com.graphhopper.routing.ev.DecimalEncodedValueImpl\",\"name\":\"max_speed\",\"bits\":7,\"min_storable_value\":0,\"max_storable_value\":127,\"max_value\":127,\"negate_reverse_direction\":false,\"store_two_directions\":true,\"fwd_data_index\":0,\"bwd_data_index\":0,\"fwd_shift\":16,\"bwd_shift\":23,\"fwd_mask\":8323072,\"bwd_mask\":1065353216,\"factor\":2.0,\"use_maximum_as_infinity\":true}","{\"className\":\"com.graphhopper.routing.ev.DecimalEncodedValueImpl\",\"name\":\"ferry_speed\",\"bits\":5,\"min_storable_value\":0,\"max_storable_value\":31,\"max_value\":-2147483648,\"negate_reverse_direction\":false,\"store_two_directions\":false,\"fwd_data_index\":1,\"bwd_data_index\":0,\"fwd_shift\":0,\"bwd_shift\":-1,\"fwd_mask\":31,\"bwd_mask\":0,\"factor\":2.0,\"use_maximum_as_infinity\":false}","{\"className\":\"com.graphhopper.routing.ev.SimpleBooleanEncodedValue\",\"name\":\"foot_subnetwork\",\"bits\":1,\"min_storable_value\":0,\"max_storable_value\":1,\"max_value\":0,\"negate_reverse_direction\":false,\"store_two_directions\":false,\"fwd_data_index\":1,\"bwd_data_index\":0,\"fwd_shift\":5,\"bwd_shift\":-1,\"fwd_mask\":32,\"bwd_mask\":0}"], 5 bytes for edge flags, edges: 117(1MB), nodes: 84(1MB), bounds: -34.8580337,-34.8536283,-7.1606108,-7.1574047, name:(1MB), geo:554/-1(1MB)
2025-12-01 12:44:30.912 [main] WARN  o.g.jersey.internal.inject.Providers - A provider com.codahale.metrics.health.HealthCheckRegistry registered in SERVER runtime does not implement any provider interfaces applicable in the SERVER runtime. Due to constraint configuration problems the provider com.codahale.metrics.health.HealthCheckRegistry will be ignored. 
2025-12-01 12:44:31.187 [main] INFO  i.d.jersey.DropwizardResourceConfig - The following paths were found for the configured resources:

    GET     / (com.graphhopper.application.resources.RootResource)
    GET     /health (com.graphhopper.resources.HealthCheckResource)
    GET     /i18n (com.graphhopper.resources.I18NResource)
    GET     /i18n/{locale} (com.graphhopper.resources.I18NResource)
    GET     /info (com.graphhopper.resources.InfoResource)
    GET     /isochrone (com.graphhopper.resources.IsochroneResource)
    POST    /match (com.graphhopper.resources.MapMatchingResource)
    GET     /mvt/{z}/{x}/{y}.mvt (com.graphhopper.resources.MVTResource)
    GET     /navigate/directions/v5/gh/{profile}/{coordinatesArray : .+} (com.graphhopper.navigation.NavigateResource)
    GET     /nearest (com.graphhopper.resources.NearestResource)
    GET     /route (com.graphhopper.resources.RouteResource)
    POST    /route (com.graphhopper.resources.RouteResource)
    GET     /spt (com.graphhopper.resources.SPTResource)

2025-12-01 12:44:31.193 [main] INFO  o.e.j.server.handler.ContextHandler - Started i.d.j.MutableServletContextHandler@18d47df0{/,null,AVAILABLE}
2025-12-01 12:44:31.202 [main] INFO  i.d.core.setup.AdminEnvironment - tasks = 

    POST    /tasks/log-level (io.dropwizard.servlets.tasks.LogConfigurationTask)
    POST    /tasks/gc (io.dropwizard.servlets.tasks.GarbageCollectionTask)

2025-12-01 12:44:31.203 [main] INFO  o.e.j.server.handler.ContextHandler - Started i.d.j.MutableServletContextHandler@cbd40c1{/,null,AVAILABLE}
2025-12-01 12:44:31.290 [main] INFO  o.e.jetty.server.AbstractConnector - Started application@64693226{HTTP/1.1, (http/1.1)}{localhost:8989}
2025-12-01 12:44:31.302 [main] INFO  o.e.jetty.server.AbstractConnector - Started admin@1c758545{HTTP/1.1, (http/1.1)}{localhost:8990}
2025-12-01 12:44:31.303 [main] INFO  org.eclipse.jetty.server.Server - Started Server@149c3204{STARTING}[10.0.23,sto=30000] @3687ms
2025-12-01 12:44:50.359 [pool-2-thread-12 - GET /route?point=-7.159428966449722,-34.85609740018845&point=-7.159452918116416,-34.85537052154542&profile=foot&points_encoded=false] INFO  c.g.resources.RouteResource - 127.0.0.1 pt_BR Mozilla/5.0 (Windows NT 10.0; Win64; x64) AppleWebKit/537.36 (KHTML, like Gecko) Chrome/142.0.0.0 Safari/537.36 [-7.159428966449722,-34.85609740018845, -7.159452918116416,-34.85537052154542], took: 81,4ms, algo: , profile: foot, alternatives: 1, distance0: 100.01833373224679, weight0: 72.01320028721767, time0: 1min, points0: 8, debugInfo: idLookup:0.0237617s; , algoInit:5317 ?s, astarbi|beeline-routing:7 ms, path extraction: 639 ?s, visited nodes sum: 14
2025-12-01 12:45:46.891 [pool-2-thread-5 - GET /route?point=-7.1620955776167206,-34.849448204040534&point=-7.161084289787931,-34.85863208770753&profile=foot&points_encoded=false] INFO  c.g.resources.RouteResource - 127.0.0.1 pt_BR Mozilla/5.0 (Windows NT 10.0; Win64; x64) AppleWebKit/537.36 (KHTML, like Gecko) Chrome/142.0.0.0 Safari/537.36 [-7.1620955776167206,-34.849448204040534, -7.161084289787931,-34.85863208770753], took: 2,7ms, algo: , profile: foot no paths, main errors: [com.graphhopper.util.exceptions.PointOutOfBoundsException: Point 0 is out of bounds: -7.1620955776167206,-34.849448204040534, the bounds are: -34.8580337,-34.8536283,-7.1606108,-7.1574047]
